mode: set
github.com/demdxx/gocast/v2/any.go:13.25,15.2 1 0
github.com/demdxx/gocast/v2/any.go:18.28,20.2 1 0
github.com/demdxx/gocast/v2/any.go:23.25,25.2 1 0
github.com/demdxx/gocast/v2/any.go:28.29,30.2 1 0
github.com/demdxx/gocast/v2/any.go:33.27,35.2 1 0
github.com/demdxx/gocast/v2/any.go:38.31,40.2 1 0
github.com/demdxx/gocast/v2/any.go:43.33,45.2 1 0
github.com/demdxx/gocast/v2/any.go:48.33,50.2 1 0
github.com/demdxx/gocast/v2/any.go:53.27,55.2 1 0
github.com/demdxx/gocast/v2/any.go:58.29,60.2 1 0
github.com/demdxx/gocast/v2/any.go:63.30,65.2 1 0
github.com/demdxx/gocast/v2/any.go:68.28,70.2 1 0
github.com/demdxx/gocast/v2/any.go:73.28,75.2 1 0
github.com/demdxx/gocast/v2/any.go:78.30,80.2 1 0
github.com/demdxx/gocast/v2/bool.go:31.42,32.18 1 1
github.com/demdxx/gocast/v2/bool.go:32.18,34.3 1 1
github.com/demdxx/gocast/v2/bool.go:35.2,35.18 1 1
github.com/demdxx/gocast/v2/bool.go:36.22,38.51 2 1
github.com/demdxx/gocast/v2/bool.go:39.21,40.28 1 1
github.com/demdxx/gocast/v2/bool.go:40.28,46.4 2 1
github.com/demdxx/gocast/v2/bool.go:47.3,47.22 1 1
github.com/demdxx/gocast/v2/bool.go:48.34,49.22 1 1
github.com/demdxx/gocast/v2/bool.go:50.20,51.18 1 1
github.com/demdxx/gocast/v2/bool.go:52.78,53.22 1 1
github.com/demdxx/gocast/v2/bool.go:54.100,55.23 1 1
github.com/demdxx/gocast/v2/bool.go:56.40,57.24 1 1
github.com/demdxx/gocast/v2/bool.go:59.2,59.14 1 1
github.com/demdxx/gocast/v2/bool.go:63.23,64.24 1 1
github.com/demdxx/gocast/v2/bool.go:65.11,66.15 1 1
github.com/demdxx/gocast/v2/bool.go:67.14,68.78 1 1
github.com/demdxx/gocast/v2/bool.go:69.14,74.40 1 1
github.com/demdxx/gocast/v2/bool.go:75.12,76.12 1 1
github.com/demdxx/gocast/v2/bool.go:77.11,78.17 1 1
github.com/demdxx/gocast/v2/bool.go:79.12,80.17 1 1
github.com/demdxx/gocast/v2/bool.go:81.13,82.17 1 1
github.com/demdxx/gocast/v2/bool.go:83.13,84.17 1 1
github.com/demdxx/gocast/v2/bool.go:85.13,86.17 1 1
github.com/demdxx/gocast/v2/bool.go:87.12,88.17 1 1
github.com/demdxx/gocast/v2/bool.go:89.13,90.17 1 1
github.com/demdxx/gocast/v2/bool.go:91.14,92.17 1 1
github.com/demdxx/gocast/v2/bool.go:93.14,94.17 1 1
github.com/demdxx/gocast/v2/bool.go:95.14,96.17 1 1
github.com/demdxx/gocast/v2/bool.go:97.15,98.17 1 1
github.com/demdxx/gocast/v2/bool.go:99.15,100.17 1 1
github.com/demdxx/gocast/v2/bool.go:101.15,102.17 1 1
github.com/demdxx/gocast/v2/bool.go:103.13,104.22 1 1
github.com/demdxx/gocast/v2/bool.go:105.14,106.22 1 1
github.com/demdxx/gocast/v2/bool.go:107.15,108.22 1 1
github.com/demdxx/gocast/v2/bool.go:109.15,110.22 1 1
github.com/demdxx/gocast/v2/bool.go:111.16,112.22 1 1
github.com/demdxx/gocast/v2/bool.go:113.14,114.22 1 1
github.com/demdxx/gocast/v2/bool.go:115.16,116.22 1 1
github.com/demdxx/gocast/v2/bool.go:117.16,118.22 1 1
github.com/demdxx/gocast/v2/bool.go:119.15,120.22 1 1
github.com/demdxx/gocast/v2/bool.go:121.17,122.22 1 1
github.com/demdxx/gocast/v2/bool.go:123.17,124.22 1 1
github.com/demdxx/gocast/v2/bool.go:125.14,126.22 1 1
github.com/demdxx/gocast/v2/bool.go:127.13,128.22 1 1
github.com/demdxx/gocast/v2/bool.go:130.2,130.42 1 1
github.com/demdxx/gocast/v2/cast.go:29.52,31.2 1 0
github.com/demdxx/gocast/v2/cast.go:34.80,35.14 1 1
github.com/demdxx/gocast/v2/cast.go:35.14,36.60 1 1
github.com/demdxx/gocast/v2/cast.go:36.60,38.4 1 1
github.com/demdxx/gocast/v2/cast.go:39.3,39.70 1 0
github.com/demdxx/gocast/v2/cast.go:41.2,41.62 1 1
github.com/demdxx/gocast/v2/cast.go:45.40,48.2 2 0
github.com/demdxx/gocast/v2/cast.go:51.68,53.2 1 1
github.com/demdxx/gocast/v2/cast.go:56.96,57.14 1 1
github.com/demdxx/gocast/v2/cast.go:57.14,58.60 1 0
github.com/demdxx/gocast/v2/cast.go:58.60,60.4 1 0
github.com/demdxx/gocast/v2/cast.go:61.3,61.74 1 0
github.com/demdxx/gocast/v2/cast.go:63.2,64.14 2 1
github.com/demdxx/gocast/v2/cast.go:64.14,65.107 1 1
github.com/demdxx/gocast/v2/cast.go:65.107,67.4 1 1
github.com/demdxx/gocast/v2/cast.go:68.3,68.16 1 1
github.com/demdxx/gocast/v2/cast.go:70.2,70.60 1 1
github.com/demdxx/gocast/v2/cast.go:74.56,77.2 2 1
github.com/demdxx/gocast/v2/cast.go:80.101,82.2 1 0
github.com/demdxx/gocast/v2/cast.go:85.134,87.18 2 1
github.com/demdxx/gocast/v2/cast.go:87.18,88.19 1 0
github.com/demdxx/gocast/v2/cast.go:89.110,90.19 1 0
github.com/demdxx/gocast/v2/cast.go:91.11,92.91 1 0
github.com/demdxx/gocast/v2/cast.go:95.2,95.19 1 1
github.com/demdxx/gocast/v2/cast.go:95.19,99.51 1 1
github.com/demdxx/gocast/v2/cast.go:99.51,101.4 1 1
github.com/demdxx/gocast/v2/cast.go:103.2,104.18 2 1
github.com/demdxx/gocast/v2/cast.go:105.22,106.72 1 1
github.com/demdxx/gocast/v2/cast.go:106.72,108.4 1 0
github.com/demdxx/gocast/v2/cast.go:109.3,109.31 1 1
github.com/demdxx/gocast/v2/cast.go:110.20,111.34 1 1
github.com/demdxx/gocast/v2/cast.go:112.19,113.39 1 1
github.com/demdxx/gocast/v2/cast.go:114.20,115.40 1 1
github.com/demdxx/gocast/v2/cast.go:116.21,117.41 1 1
github.com/demdxx/gocast/v2/cast.go:118.21,119.41 1 1
github.com/demdxx/gocast/v2/cast.go:120.21,121.41 1 1
github.com/demdxx/gocast/v2/cast.go:122.20,123.40 1 1
github.com/demdxx/gocast/v2/cast.go:124.21,125.41 1 1
github.com/demdxx/gocast/v2/cast.go:126.22,127.42 1 1
github.com/demdxx/gocast/v2/cast.go:128.22,129.42 1 1
github.com/demdxx/gocast/v2/cast.go:130.22,131.42 1 1
github.com/demdxx/gocast/v2/cast.go:132.23,133.43 1 1
github.com/demdxx/gocast/v2/cast.go:134.23,135.43 1 1
github.com/demdxx/gocast/v2/cast.go:136.36,138.93 2 1
github.com/demdxx/gocast/v2/cast.go:138.93,140.4 1 1
github.com/demdxx/gocast/v2/cast.go:141.19,143.81 2 1
github.com/demdxx/gocast/v2/cast.go:143.81,145.4 1 1
github.com/demdxx/gocast/v2/cast.go:146.25,147.28 1 1
github.com/demdxx/gocast/v2/cast.go:148.23,153.37 2 1
github.com/demdxx/gocast/v2/cast.go:153.37,155.95 2 1
github.com/demdxx/gocast/v2/cast.go:155.95,157.5 1 1
github.com/demdxx/gocast/v2/cast.go:158.9,158.89 1 0
github.com/demdxx/gocast/v2/cast.go:158.89,160.4 1 0
github.com/demdxx/gocast/v2/cast.go:161.22,163.94 2 1
github.com/demdxx/gocast/v2/cast.go:163.94,165.4 1 1
github.com/demdxx/gocast/v2/cast.go:166.10,167.20 1 0
github.com/demdxx/gocast/v2/cast.go:167.20,171.4 3 0
github.com/demdxx/gocast/v2/cast.go:173.2,173.17 1 0
github.com/demdxx/gocast/v2/cast.go:177.73,179.2 1 0
github.com/demdxx/gocast/v2/cast.go:182.101,185.2 2 0
github.com/demdxx/gocast/v2/cast.go:188.81,190.2 1 0
github.com/demdxx/gocast/v2/cast.go:193.109,198.16 2 1
github.com/demdxx/gocast/v2/cast.go:198.16,200.3 1 0
github.com/demdxx/gocast/v2/cast.go:201.2,201.28 1 1
github.com/demdxx/gocast/v2/cast.go:202.10,203.20 1 0
github.com/demdxx/gocast/v2/cast.go:204.11,205.19 1 1
github.com/demdxx/gocast/v2/cast.go:206.9,207.19 1 1
github.com/demdxx/gocast/v2/cast.go:208.10,209.98 1 0
github.com/demdxx/gocast/v2/cast.go:214.69,216.2 1 0
github.com/demdxx/gocast/v2/cast.go:219.97,221.2 1 1
github.com/demdxx/gocast/v2/cast.go:224.60,226.2 1 1
github.com/demdxx/gocast/v2/cast.go:229.88,231.2 1 1
github.com/demdxx/gocast/v2/cast.go:234.48,236.2 1 1
github.com/demdxx/gocast/v2/cast.go:239.76,242.2 2 1
github.com/demdxx/gocast/v2/cast.go:245.57,247.2 1 1
github.com/demdxx/gocast/v2/cast.go:250.85,253.2 2 1
github.com/demdxx/gocast/v2/copy.go:11.39,15.25 3 1
github.com/demdxx/gocast/v2/copy.go:15.25,17.3 1 1
github.com/demdxx/gocast/v2/copy.go:20.2,20.75 1 1
github.com/demdxx/gocast/v2/copy.go:20.75,22.3 1 1
github.com/demdxx/gocast/v2/copy.go:25.2,28.16 3 1
github.com/demdxx/gocast/v2/copy.go:28.16,30.3 1 1
github.com/demdxx/gocast/v2/copy.go:32.2,32.17 1 1
github.com/demdxx/gocast/v2/copy.go:38.27,40.16 2 0
github.com/demdxx/gocast/v2/copy.go:40.16,41.13 1 0
github.com/demdxx/gocast/v2/copy.go:43.2,43.12 1 0
github.com/demdxx/gocast/v2/copy.go:47.39,53.16 4 1
github.com/demdxx/gocast/v2/copy.go:53.16,55.3 1 0
github.com/demdxx/gocast/v2/copy.go:57.2,57.29 1 1
github.com/demdxx/gocast/v2/copy.go:61.27,63.16 2 1
github.com/demdxx/gocast/v2/copy.go:63.16,64.13 1 0
github.com/demdxx/gocast/v2/copy.go:66.2,66.12 1 1
github.com/demdxx/gocast/v2/copy.go:77.68,81.25 3 1
github.com/demdxx/gocast/v2/copy.go:81.25,83.3 1 0
github.com/demdxx/gocast/v2/copy.go:86.2,86.75 1 1
github.com/demdxx/gocast/v2/copy.go:86.75,88.3 1 1
github.com/demdxx/gocast/v2/copy.go:91.2,94.16 3 1
github.com/demdxx/gocast/v2/copy.go:94.16,96.3 1 0
github.com/demdxx/gocast/v2/copy.go:98.2,98.17 1 1
github.com/demdxx/gocast/v2/copy.go:101.80,103.20 1 1
github.com/demdxx/gocast/v2/copy.go:103.20,105.3 1 0
github.com/demdxx/gocast/v2/copy.go:108.2,108.20 1 1
github.com/demdxx/gocast/v2/copy.go:111.91,112.19 1 1
github.com/demdxx/gocast/v2/copy.go:112.19,114.4 1 1
github.com/demdxx/gocast/v2/copy.go:115.3,115.13 1 1
github.com/demdxx/gocast/v2/copy.go:119.2,119.53 1 1
github.com/demdxx/gocast/v2/copy.go:119.53,121.19 2 0
github.com/demdxx/gocast/v2/copy.go:121.19,123.61 2 0
github.com/demdxx/gocast/v2/copy.go:123.61,125.5 1 0
github.com/demdxx/gocast/v2/copy.go:126.4,126.19 1 0
github.com/demdxx/gocast/v2/copy.go:128.3,128.13 1 0
github.com/demdxx/gocast/v2/copy.go:132.2,132.20 1 1
github.com/demdxx/gocast/v2/copy.go:133.23,134.40 1 1
github.com/demdxx/gocast/v2/copy.go:135.22,136.39 1 1
github.com/demdxx/gocast/v2/copy.go:137.21,138.38 1 1
github.com/demdxx/gocast/v2/copy.go:139.21,140.38 1 0
github.com/demdxx/gocast/v2/copy.go:141.19,142.36 1 1
github.com/demdxx/gocast/v2/copy.go:143.34,144.64 1 1
github.com/demdxx/gocast/v2/copy.go:145.10,147.19 1 0
github.com/demdxx/gocast/v2/copy.go:147.19,149.4 1 0
github.com/demdxx/gocast/v2/copy.go:152.2,152.12 1 0
github.com/demdxx/gocast/v2/copy.go:155.120,157.49 1 1
github.com/demdxx/gocast/v2/copy.go:157.49,158.19 1 1
github.com/demdxx/gocast/v2/copy.go:158.19,160.4 1 1
github.com/demdxx/gocast/v2/copy.go:161.3,161.13 1 1
github.com/demdxx/gocast/v2/copy.go:165.2,165.20 1 1
github.com/demdxx/gocast/v2/copy.go:165.20,167.3 1 0
github.com/demdxx/gocast/v2/copy.go:170.2,170.20 1 1
github.com/demdxx/gocast/v2/copy.go:173.91,174.19 1 1
github.com/demdxx/gocast/v2/copy.go:174.19,176.4 1 1
github.com/demdxx/gocast/v2/copy.go:177.3,177.13 1 1
github.com/demdxx/gocast/v2/copy.go:178.25,179.19 1 0
github.com/demdxx/gocast/v2/copy.go:179.19,181.20 2 0
github.com/demdxx/gocast/v2/copy.go:181.20,183.88 2 0
github.com/demdxx/gocast/v2/copy.go:183.88,185.6 1 0
github.com/demdxx/gocast/v2/copy.go:186.5,186.20 1 0
github.com/demdxx/gocast/v2/copy.go:189.3,189.13 1 0
github.com/demdxx/gocast/v2/copy.go:190.23,191.64 1 1
github.com/demdxx/gocast/v2/copy.go:192.22,193.63 1 1
github.com/demdxx/gocast/v2/copy.go:194.21,195.62 1 1
github.com/demdxx/gocast/v2/copy.go:196.21,197.62 1 0
github.com/demdxx/gocast/v2/copy.go:198.19,199.60 1 0
github.com/demdxx/gocast/v2/copy.go:200.34,201.64 1 0
github.com/demdxx/gocast/v2/copy.go:202.10,203.19 1 0
github.com/demdxx/gocast/v2/copy.go:203.19,205.4 1 0
github.com/demdxx/gocast/v2/copy.go:208.2,208.12 1 0
github.com/demdxx/gocast/v2/copy.go:211.83,212.17 1 1
github.com/demdxx/gocast/v2/copy.go:212.17,214.3 1 1
github.com/demdxx/gocast/v2/copy.go:217.2,218.41 2 1
github.com/demdxx/gocast/v2/copy.go:218.41,219.19 1 1
github.com/demdxx/gocast/v2/copy.go:219.19,221.4 1 1
github.com/demdxx/gocast/v2/copy.go:222.3,222.13 1 1
github.com/demdxx/gocast/v2/copy.go:226.2,227.18 2 1
github.com/demdxx/gocast/v2/copy.go:227.18,229.3 1 1
github.com/demdxx/gocast/v2/copy.go:232.2,235.53 2 1
github.com/demdxx/gocast/v2/copy.go:238.123,239.17 1 1
github.com/demdxx/gocast/v2/copy.go:239.17,241.3 1 0
github.com/demdxx/gocast/v2/copy.go:243.2,244.41 2 1
github.com/demdxx/gocast/v2/copy.go:244.41,245.30 1 1
github.com/demdxx/gocast/v2/copy.go:245.30,247.4 1 1
github.com/demdxx/gocast/v2/copy.go:248.3,248.19 1 0
github.com/demdxx/gocast/v2/copy.go:248.19,250.4 1 0
github.com/demdxx/gocast/v2/copy.go:251.3,251.13 1 0
github.com/demdxx/gocast/v2/copy.go:254.2,255.18 2 1
github.com/demdxx/gocast/v2/copy.go:255.18,257.3 1 1
github.com/demdxx/gocast/v2/copy.go:259.2,260.79 2 1
github.com/demdxx/gocast/v2/copy.go:263.82,264.38 1 1
github.com/demdxx/gocast/v2/copy.go:264.38,265.29 1 1
github.com/demdxx/gocast/v2/copy.go:265.29,266.12 1 0
github.com/demdxx/gocast/v2/copy.go:268.3,268.71 1 1
github.com/demdxx/gocast/v2/copy.go:268.71,270.4 1 0
github.com/demdxx/gocast/v2/copy.go:272.2,272.12 1 1
github.com/demdxx/gocast/v2/copy.go:275.122,276.38 1 1
github.com/demdxx/gocast/v2/copy.go:276.38,280.57 2 1
github.com/demdxx/gocast/v2/copy.go:280.57,281.12 1 1
github.com/demdxx/gocast/v2/copy.go:284.3,284.29 1 1
github.com/demdxx/gocast/v2/copy.go:284.29,285.12 1 1
github.com/demdxx/gocast/v2/copy.go:288.3,288.97 1 1
github.com/demdxx/gocast/v2/copy.go:288.97,290.4 1 0
github.com/demdxx/gocast/v2/copy.go:292.2,292.12 1 1
github.com/demdxx/gocast/v2/copy.go:295.81,296.17 1 1
github.com/demdxx/gocast/v2/copy.go:296.17,298.3 1 0
github.com/demdxx/gocast/v2/copy.go:300.2,303.33 3 1
github.com/demdxx/gocast/v2/copy.go:303.33,304.71 1 1
github.com/demdxx/gocast/v2/copy.go:304.71,306.4 1 0
github.com/demdxx/gocast/v2/copy.go:308.2,308.12 1 1
github.com/demdxx/gocast/v2/copy.go:311.121,312.17 1 1
github.com/demdxx/gocast/v2/copy.go:312.17,314.3 1 0
github.com/demdxx/gocast/v2/copy.go:316.2,319.33 3 1
github.com/demdxx/gocast/v2/copy.go:319.33,320.97 1 1
github.com/demdxx/gocast/v2/copy.go:320.97,322.4 1 0
github.com/demdxx/gocast/v2/copy.go:324.2,324.12 1 1
github.com/demdxx/gocast/v2/copy.go:327.81,328.33 1 0
github.com/demdxx/gocast/v2/copy.go:328.33,329.71 1 0
github.com/demdxx/gocast/v2/copy.go:329.71,331.4 1 0
github.com/demdxx/gocast/v2/copy.go:333.2,333.12 1 0
github.com/demdxx/gocast/v2/copy.go:336.121,337.33 1 0
github.com/demdxx/gocast/v2/copy.go:337.33,338.97 1 0
github.com/demdxx/gocast/v2/copy.go:338.97,340.4 1 0
github.com/demdxx/gocast/v2/copy.go:342.2,342.12 1 0
github.com/demdxx/gocast/v2/copy.go:345.79,346.17 1 1
github.com/demdxx/gocast/v2/copy.go:346.17,348.3 1 0
github.com/demdxx/gocast/v2/copy.go:350.2,354.18 4 1
github.com/demdxx/gocast/v2/copy.go:354.18,359.59 4 1
github.com/demdxx/gocast/v2/copy.go:359.59,361.4 1 0
github.com/demdxx/gocast/v2/copy.go:363.3,364.63 2 1
github.com/demdxx/gocast/v2/copy.go:364.63,366.4 1 0
github.com/demdxx/gocast/v2/copy.go:368.3,368.36 1 1
github.com/demdxx/gocast/v2/copy.go:370.2,370.12 1 1
github.com/demdxx/gocast/v2/copy.go:373.119,374.17 1 0
github.com/demdxx/gocast/v2/copy.go:374.17,376.3 1 0
github.com/demdxx/gocast/v2/copy.go:378.2,382.18 4 0
github.com/demdxx/gocast/v2/copy.go:382.18,387.85 4 0
github.com/demdxx/gocast/v2/copy.go:387.85,389.4 1 0
github.com/demdxx/gocast/v2/copy.go:391.3,392.89 2 0
github.com/demdxx/gocast/v2/copy.go:392.89,394.4 1 0
github.com/demdxx/gocast/v2/copy.go:396.3,396.36 1 0
github.com/demdxx/gocast/v2/copy.go:398.2,398.12 1 0
github.com/demdxx/gocast/v2/copy.go:403.36,404.16 1 0
github.com/demdxx/gocast/v2/copy.go:404.16,406.3 1 0
github.com/demdxx/gocast/v2/copy.go:407.2,408.24 2 0
github.com/demdxx/gocast/v2/copy.go:408.24,410.17 2 0
github.com/demdxx/gocast/v2/copy.go:410.17,411.14 1 0
github.com/demdxx/gocast/v2/copy.go:413.3,413.18 1 0
github.com/demdxx/gocast/v2/copy.go:415.2,415.12 1 0
github.com/demdxx/gocast/v2/copy.go:420.56,421.16 1 0
github.com/demdxx/gocast/v2/copy.go:421.16,423.3 1 0
github.com/demdxx/gocast/v2/copy.go:424.2,425.24 2 0
github.com/demdxx/gocast/v2/copy.go:425.24,427.17 2 0
github.com/demdxx/gocast/v2/copy.go:427.17,428.14 1 0
github.com/demdxx/gocast/v2/copy.go:430.3,431.17 2 0
github.com/demdxx/gocast/v2/copy.go:431.17,432.14 1 0
github.com/demdxx/gocast/v2/copy.go:434.3,434.31 1 0
github.com/demdxx/gocast/v2/copy.go:436.2,436.12 1 0
github.com/demdxx/gocast/v2/copy.go:443.31,445.16 2 0
github.com/demdxx/gocast/v2/copy.go:445.16,446.13 1 0
github.com/demdxx/gocast/v2/copy.go:448.2,448.12 1 0
github.com/demdxx/gocast/v2/copy.go:456.34,458.2 1 0
github.com/demdxx/gocast/v2/copy.go:461.42,462.16 1 0
github.com/demdxx/gocast/v2/copy.go:462.16,464.3 1 0
github.com/demdxx/gocast/v2/copy.go:466.2,466.24 1 0
github.com/demdxx/gocast/v2/errors.go:12.39,12.78 1 1
github.com/demdxx/gocast/v2/errors.go:13.39,13.55 1 1
github.com/demdxx/gocast/v2/errors.go:15.45,16.16 1 1
github.com/demdxx/gocast/v2/errors.go:16.16,18.3 1 0
github.com/demdxx/gocast/v2/errors.go:19.2,19.42 1 1
github.com/demdxx/gocast/v2/float.go:28.48,29.18 1 1
github.com/demdxx/gocast/v2/float.go:30.22,32.13 2 1
github.com/demdxx/gocast/v2/float.go:33.20,34.15 1 1
github.com/demdxx/gocast/v2/float.go:34.15,36.4 1 1
github.com/demdxx/gocast/v2/float.go:37.3,37.12 1 1
github.com/demdxx/gocast/v2/float.go:38.36,39.33 1 1
github.com/demdxx/gocast/v2/float.go:40.22,43.15 3 1
github.com/demdxx/gocast/v2/float.go:44.11,44.11 0 1
github.com/demdxx/gocast/v2/float.go:46.78,47.26 1 1
github.com/demdxx/gocast/v2/float.go:48.100,49.27 1 1
github.com/demdxx/gocast/v2/float.go:50.40,51.19 1 1
github.com/demdxx/gocast/v2/float.go:53.2,53.11 1 1
github.com/demdxx/gocast/v2/float.go:60.27,62.2 1 1
github.com/demdxx/gocast/v2/float.go:65.29,67.2 1 1
github.com/demdxx/gocast/v2/float.go:70.29,72.2 1 1
github.com/demdxx/gocast/v2/int.go:29.44,30.18 1 1
github.com/demdxx/gocast/v2/int.go:31.22,34.102 3 1
github.com/demdxx/gocast/v2/int.go:34.102,37.4 2 1
github.com/demdxx/gocast/v2/int.go:37.9,39.4 1 1
github.com/demdxx/gocast/v2/int.go:40.3,40.13 1 1
github.com/demdxx/gocast/v2/int.go:41.20,42.15 1 1
github.com/demdxx/gocast/v2/int.go:42.15,44.4 1 1
github.com/demdxx/gocast/v2/int.go:45.3,45.11 1 1
github.com/demdxx/gocast/v2/int.go:46.36,47.33 1 1
github.com/demdxx/gocast/v2/int.go:48.22,51.94 3 1
github.com/demdxx/gocast/v2/int.go:51.94,54.5 2 1
github.com/demdxx/gocast/v2/int.go:54.10,56.5 1 1
github.com/demdxx/gocast/v2/int.go:57.4,57.14 1 1
github.com/demdxx/gocast/v2/int.go:58.11,58.11 0 0
github.com/demdxx/gocast/v2/int.go:60.78,61.17 1 1
github.com/demdxx/gocast/v2/int.go:62.100,63.25 1 1
github.com/demdxx/gocast/v2/int.go:64.40,65.26 1 1
github.com/demdxx/gocast/v2/int.go:67.2,67.10 1 0
github.com/demdxx/gocast/v2/int.go:74.48,75.18 1 1
github.com/demdxx/gocast/v2/int.go:76.22,78.52 2 1
github.com/demdxx/gocast/v2/int.go:78.52,81.4 2 1
github.com/demdxx/gocast/v2/int.go:81.9,83.4 1 1
github.com/demdxx/gocast/v2/int.go:84.3,84.13 1 1
github.com/demdxx/gocast/v2/int.go:85.20,86.15 1 1
github.com/demdxx/gocast/v2/int.go:86.15,88.4 1 1
github.com/demdxx/gocast/v2/int.go:89.3,89.11 1 1
github.com/demdxx/gocast/v2/int.go:90.36,91.33 1 1
github.com/demdxx/gocast/v2/int.go:92.22,95.94 3 1
github.com/demdxx/gocast/v2/int.go:95.94,98.5 2 1
github.com/demdxx/gocast/v2/int.go:98.10,100.5 1 1
github.com/demdxx/gocast/v2/int.go:101.4,101.14 1 1
github.com/demdxx/gocast/v2/int.go:102.11,102.11 0 0
github.com/demdxx/gocast/v2/int.go:104.78,105.25 1 1
github.com/demdxx/gocast/v2/int.go:106.100,107.26 1 1
github.com/demdxx/gocast/v2/int.go:108.40,109.27 1 1
github.com/demdxx/gocast/v2/int.go:111.2,111.10 1 0
github.com/demdxx/gocast/v2/int.go:116.46,118.2 1 0
github.com/demdxx/gocast/v2/int.go:121.21,121.46 1 1
github.com/demdxx/gocast/v2/int.go:124.23,124.49 1 1
github.com/demdxx/gocast/v2/int.go:127.25,127.52 1 1
github.com/demdxx/gocast/v2/int.go:130.25,130.52 1 1
github.com/demdxx/gocast/v2/int.go:133.25,133.52 1 1
github.com/demdxx/gocast/v2/int.go:136.23,136.49 1 1
github.com/demdxx/gocast/v2/int.go:139.25,139.52 1 1
github.com/demdxx/gocast/v2/int.go:142.27,142.55 1 1
github.com/demdxx/gocast/v2/int.go:145.27,145.55 1 1
github.com/demdxx/gocast/v2/int.go:148.27,148.55 1 1
github.com/demdxx/gocast/v2/length.go:6.28,7.30 1 1
github.com/demdxx/gocast/v2/length.go:8.14,9.16 1 1
github.com/demdxx/gocast/v2/length.go:10.14,11.16 1 1
github.com/demdxx/gocast/v2/length.go:12.13,13.16 1 1
github.com/demdxx/gocast/v2/length.go:14.16,15.16 1 1
github.com/demdxx/gocast/v2/length.go:16.13,17.16 1 1
github.com/demdxx/gocast/v2/length.go:18.22,19.16 1 1
github.com/demdxx/gocast/v2/length.go:20.25,21.16 1 1
github.com/demdxx/gocast/v2/length.go:22.10,24.94 2 1
github.com/demdxx/gocast/v2/length.go:24.94,26.4 1 1
github.com/demdxx/gocast/v2/length.go:28.2,28.11 1 1
github.com/demdxx/gocast/v2/logic.go:4.34,5.17 1 1
github.com/demdxx/gocast/v2/logic.go:5.17,7.3 1 1
github.com/demdxx/gocast/v2/logic.go:8.2,8.16 1 1
github.com/demdxx/gocast/v2/logic.go:8.16,9.25 1 1
github.com/demdxx/gocast/v2/logic.go:9.25,10.21 1 1
github.com/demdxx/gocast/v2/logic.go:10.21,12.5 1 1
github.com/demdxx/gocast/v2/logic.go:15.2,15.10 1 1
github.com/demdxx/gocast/v2/logic.go:19.41,20.10 1 1
github.com/demdxx/gocast/v2/logic.go:20.10,22.3 1 1
github.com/demdxx/gocast/v2/logic.go:23.2,23.10 1 1
github.com/demdxx/gocast/v2/logic.go:27.61,28.10 1 1
github.com/demdxx/gocast/v2/logic.go:28.10,30.3 1 1
github.com/demdxx/gocast/v2/logic.go:31.2,31.12 1 1
github.com/demdxx/gocast/v2/map.go:28.98,30.2 1 1
github.com/demdxx/gocast/v2/map.go:33.126,34.30 1 1
github.com/demdxx/gocast/v2/map.go:34.30,35.17 1 0
github.com/demdxx/gocast/v2/map.go:35.17,37.4 1 0
github.com/demdxx/gocast/v2/map.go:38.3,38.84 1 0
github.com/demdxx/gocast/v2/map.go:40.2,44.24 2 1
github.com/demdxx/gocast/v2/map.go:45.19,46.38 1 1
github.com/demdxx/gocast/v2/map.go:46.38,49.18 3 1
github.com/demdxx/gocast/v2/map.go:49.18,50.18 1 1
github.com/demdxx/gocast/v2/map.go:50.18,52.6 1 1
github.com/demdxx/gocast/v2/map.go:52.11,54.6 1 1
github.com/demdxx/gocast/v2/map.go:56.4,56.18 1 1
github.com/demdxx/gocast/v2/map.go:56.18,58.5 1 0
github.com/demdxx/gocast/v2/map.go:60.22,61.42 1 1
github.com/demdxx/gocast/v2/map.go:61.42,63.21 2 1
github.com/demdxx/gocast/v2/map.go:63.21,65.19 2 1
github.com/demdxx/gocast/v2/map.go:65.19,67.6 1 0
github.com/demdxx/gocast/v2/map.go:68.5,70.35 3 1
github.com/demdxx/gocast/v2/map.go:70.35,71.19 1 1
github.com/demdxx/gocast/v2/map.go:71.19,73.7 1 1
github.com/demdxx/gocast/v2/map.go:73.12,75.7 1 1
github.com/demdxx/gocast/v2/map.go:76.6,76.20 1 1
github.com/demdxx/gocast/v2/map.go:76.20,78.7 1 0
github.com/demdxx/gocast/v2/map.go:82.10,83.63 1 0
github.com/demdxx/gocast/v2/map.go:85.2,85.12 1 1
github.com/demdxx/gocast/v2/map.go:90.64,92.2 1 1
github.com/demdxx/gocast/v2/map.go:96.92,97.30 1 1
github.com/demdxx/gocast/v2/map.go:97.30,98.17 1 1
github.com/demdxx/gocast/v2/map.go:98.17,100.4 1 0
github.com/demdxx/gocast/v2/map.go:101.3,101.79 1 1
github.com/demdxx/gocast/v2/map.go:104.2,112.43 2 1
github.com/demdxx/gocast/v2/map.go:112.43,115.3 2 0
github.com/demdxx/gocast/v2/map.go:117.2,117.28 1 1
github.com/demdxx/gocast/v2/map.go:118.19,119.25 1 1
github.com/demdxx/gocast/v2/map.go:120.20,121.39 1 1
github.com/demdxx/gocast/v2/map.go:121.39,123.18 2 1
github.com/demdxx/gocast/v2/map.go:123.18,125.20 2 1
github.com/demdxx/gocast/v2/map.go:125.20,127.7 1 0
github.com/demdxx/gocast/v2/map.go:128.11,130.6 1 1
github.com/demdxx/gocast/v2/map.go:132.23,133.43 1 1
github.com/demdxx/gocast/v2/map.go:133.43,135.22 2 1
github.com/demdxx/gocast/v2/map.go:135.22,138.36 3 1
github.com/demdxx/gocast/v2/map.go:138.36,139.20 1 1
github.com/demdxx/gocast/v2/map.go:139.20,141.22 2 1
github.com/demdxx/gocast/v2/map.go:141.22,143.9 1 0
github.com/demdxx/gocast/v2/map.go:144.13,146.8 1 1
github.com/demdxx/gocast/v2/map.go:150.11,151.63 1 0
github.com/demdxx/gocast/v2/map.go:153.22,154.62 1 1
github.com/demdxx/gocast/v2/map.go:155.25,156.62 1 1
github.com/demdxx/gocast/v2/map.go:157.10,158.26 1 1
github.com/demdxx/gocast/v2/map.go:159.36,162.26 3 1
github.com/demdxx/gocast/v2/map.go:163.21,164.40 1 1
github.com/demdxx/gocast/v2/map.go:164.40,166.20 2 1
github.com/demdxx/gocast/v2/map.go:166.20,168.7 1 0
github.com/demdxx/gocast/v2/map.go:169.6,171.20 3 1
github.com/demdxx/gocast/v2/map.go:171.20,173.7 1 0
github.com/demdxx/gocast/v2/map.go:174.6,174.72 1 1
github.com/demdxx/gocast/v2/map.go:176.24,177.44 1 1
github.com/demdxx/gocast/v2/map.go:177.44,179.23 2 1
github.com/demdxx/gocast/v2/map.go:179.23,182.37 3 1
github.com/demdxx/gocast/v2/map.go:182.37,184.22 2 1
github.com/demdxx/gocast/v2/map.go:184.22,186.9 1 0
github.com/demdxx/gocast/v2/map.go:187.8,188.22 2 1
github.com/demdxx/gocast/v2/map.go:188.22,190.9 1 0
github.com/demdxx/gocast/v2/map.go:191.8,191.74 1 1
github.com/demdxx/gocast/v2/map.go:195.12,196.64 1 0
github.com/demdxx/gocast/v2/map.go:198.11,199.58 1 0
github.com/demdxx/gocast/v2/map.go:202.2,202.12 1 1
github.com/demdxx/gocast/v2/map.go:206.96,208.2 1 1
github.com/demdxx/gocast/v2/map.go:211.124,215.2 3 1
github.com/demdxx/gocast/v2/map.go:218.85,220.2 1 1
github.com/demdxx/gocast/v2/map.go:223.113,225.2 1 1
github.com/demdxx/gocast/v2/map.go:228.76,230.2 1 1
github.com/demdxx/gocast/v2/map.go:233.104,235.2 1 1
github.com/demdxx/gocast/v2/map.go:238.73,241.2 2 1
github.com/demdxx/gocast/v2/map.go:244.101,247.2 2 1
github.com/demdxx/gocast/v2/map.go:250.64,253.2 2 1
github.com/demdxx/gocast/v2/map.go:256.92,259.2 2 1
github.com/demdxx/gocast/v2/map.go:262.78,266.2 3 1
github.com/demdxx/gocast/v2/map.go:269.24,270.18 1 1
github.com/demdxx/gocast/v2/map.go:271.83,272.14 1 1
github.com/demdxx/gocast/v2/map.go:273.10,274.50 1 1
github.com/demdxx/gocast/v2/map.go:282.72,284.27 2 1
github.com/demdxx/gocast/v2/map.go:284.27,285.30 1 1
github.com/demdxx/gocast/v2/map.go:285.30,286.36 1 1
github.com/demdxx/gocast/v2/map.go:286.36,288.5 1 1
github.com/demdxx/gocast/v2/map.go:291.2,291.12 1 0
github.com/demdxx/gocast/v2/map.go:294.95,296.22 2 1
github.com/demdxx/gocast/v2/map.go:297.36,298.22 1 1
github.com/demdxx/gocast/v2/map.go:298.22,299.33 1 1
github.com/demdxx/gocast/v2/map.go:300.36,302.37 2 1
github.com/demdxx/gocast/v2/map.go:302.37,304.84 2 1
github.com/demdxx/gocast/v2/map.go:304.84,306.6 1 0
github.com/demdxx/gocast/v2/map.go:307.5,307.27 1 1
github.com/demdxx/gocast/v2/map.go:309.4,309.20 1 1
github.com/demdxx/gocast/v2/map.go:312.35,314.58 2 0
github.com/demdxx/gocast/v2/map.go:314.58,316.4 1 0
github.com/demdxx/gocast/v2/map.go:317.3,317.16 1 0
github.com/demdxx/gocast/v2/map.go:319.2,319.16 1 1
github.com/demdxx/gocast/v2/number.go:17.45,18.23 1 1
github.com/demdxx/gocast/v2/number.go:19.11,20.19 1 1
github.com/demdxx/gocast/v2/number.go:21.9,22.16 1 1
github.com/demdxx/gocast/v2/number.go:23.10,24.17 1 0
github.com/demdxx/gocast/v2/number.go:26.2,26.23 1 1
github.com/demdxx/gocast/v2/number.go:27.14,28.87 1 1
github.com/demdxx/gocast/v2/number.go:28.87,31.4 2 1
github.com/demdxx/gocast/v2/number.go:32.3,33.22 2 1
github.com/demdxx/gocast/v2/number.go:34.14,36.87 2 1
github.com/demdxx/gocast/v2/number.go:36.87,39.4 2 1
github.com/demdxx/gocast/v2/number.go:40.3,41.22 2 1
github.com/demdxx/gocast/v2/number.go:42.12,43.8 1 1
github.com/demdxx/gocast/v2/number.go:43.8,45.4 1 1
github.com/demdxx/gocast/v2/number.go:46.3,46.16 1 1
github.com/demdxx/gocast/v2/number.go:47.11,48.19 1 1
github.com/demdxx/gocast/v2/number.go:49.12,50.19 1 1
github.com/demdxx/gocast/v2/number.go:51.13,52.19 1 1
github.com/demdxx/gocast/v2/number.go:53.13,54.19 1 1
github.com/demdxx/gocast/v2/number.go:55.13,56.19 1 1
github.com/demdxx/gocast/v2/number.go:57.12,58.19 1 1
github.com/demdxx/gocast/v2/number.go:59.13,60.19 1 1
github.com/demdxx/gocast/v2/number.go:61.14,62.19 1 1
github.com/demdxx/gocast/v2/number.go:63.14,64.19 1 1
github.com/demdxx/gocast/v2/number.go:65.15,66.19 1 1
github.com/demdxx/gocast/v2/number.go:67.14,68.19 1 1
github.com/demdxx/gocast/v2/number.go:69.15,70.19 1 1
github.com/demdxx/gocast/v2/number.go:71.15,72.19 1 1
github.com/demdxx/gocast/v2/number.go:74.2,74.40 1 1
github.com/demdxx/gocast/v2/number.go:78.33,81.2 2 1
github.com/demdxx/gocast/v2/number.go:84.34,85.48 1 1
github.com/demdxx/gocast/v2/number.go:85.48,87.3 1 1
github.com/demdxx/gocast/v2/number.go:88.2,88.47 1 1
github.com/demdxx/gocast/v2/number.go:88.47,90.3 1 1
github.com/demdxx/gocast/v2/number.go:91.2,91.9 1 1
github.com/demdxx/gocast/v2/number.go:92.64,93.58 1 1
github.com/demdxx/gocast/v2/number.go:94.125,95.44 1 1
github.com/demdxx/gocast/v2/number.go:96.64,97.38 1 1
github.com/demdxx/gocast/v2/number.go:99.2,99.26 1 1
github.com/demdxx/gocast/v2/number.go:103.36,107.22 4 1
github.com/demdxx/gocast/v2/number.go:107.22,108.25 1 1
github.com/demdxx/gocast/v2/number.go:108.25,109.41 1 1
github.com/demdxx/gocast/v2/number.go:109.41,111.13 2 1
github.com/demdxx/gocast/v2/number.go:113.4,113.40 1 1
github.com/demdxx/gocast/v2/number.go:113.40,114.13 1 0
github.com/demdxx/gocast/v2/number.go:116.4,116.58 1 1
github.com/demdxx/gocast/v2/number.go:116.58,118.13 2 1
github.com/demdxx/gocast/v2/number.go:120.4,120.65 1 1
github.com/demdxx/gocast/v2/number.go:120.65,121.13 1 1
github.com/demdxx/gocast/v2/number.go:123.4,123.16 1 1
github.com/demdxx/gocast/v2/number.go:124.9,126.4 1 1
github.com/demdxx/gocast/v2/number.go:128.2,128.39 1 1
github.com/demdxx/gocast/v2/number.go:132.38,133.22 1 1
github.com/demdxx/gocast/v2/number.go:133.22,134.25 1 1
github.com/demdxx/gocast/v2/number.go:134.25,136.4 1 1
github.com/demdxx/gocast/v2/number.go:138.2,138.13 1 1
github.com/demdxx/gocast/v2/pointer.go:6.39,7.14 1 1
github.com/demdxx/gocast/v2/pointer.go:7.14,9.3 1 1
github.com/demdxx/gocast/v2/pointer.go:10.2,10.11 1 1
github.com/demdxx/gocast/v2/pointer.go:16.25,18.2 1 1
github.com/demdxx/gocast/v2/slice.go:28.75,30.2 1 0
github.com/demdxx/gocast/v2/slice.go:33.103,35.35 2 1
github.com/demdxx/gocast/v2/slice.go:36.11,37.20 1 1
github.com/demdxx/gocast/v2/slice.go:38.10,39.25 1 1
github.com/demdxx/gocast/v2/slice.go:39.25,41.68 2 1
github.com/demdxx/gocast/v2/slice.go:41.68,43.5 1 0
github.com/demdxx/gocast/v2/slice.go:43.10,45.5 1 1
github.com/demdxx/gocast/v2/slice.go:48.2,48.17 1 1
github.com/demdxx/gocast/v2/slice.go:52.55,54.2 1 1
github.com/demdxx/gocast/v2/slice.go:57.83,60.2 2 1
github.com/demdxx/gocast/v2/slice.go:63.71,65.2 1 1
github.com/demdxx/gocast/v2/slice.go:68.91,72.2 3 1
github.com/demdxx/gocast/v2/slice.go:75.51,77.2 1 1
github.com/demdxx/gocast/v2/slice.go:80.79,84.2 3 1
github.com/demdxx/gocast/v2/slice.go:87.56,89.2 1 1
github.com/demdxx/gocast/v2/slice.go:92.84,93.30 1 1
github.com/demdxx/gocast/v2/slice.go:93.30,94.17 1 1
github.com/demdxx/gocast/v2/slice.go:94.17,96.4 1 0
github.com/demdxx/gocast/v2/slice.go:97.3,97.87 1 1
github.com/demdxx/gocast/v2/slice.go:100.2,101.68 2 1
github.com/demdxx/gocast/v2/slice.go:101.68,103.3 1 0
github.com/demdxx/gocast/v2/slice.go:105.2,106.68 2 1
github.com/demdxx/gocast/v2/slice.go:106.68,108.3 1 1
github.com/demdxx/gocast/v2/slice.go:110.2,112.37 2 1
github.com/demdxx/gocast/v2/slice.go:112.37,117.3 4 1
github.com/demdxx/gocast/v2/slice.go:119.2,119.38 1 1
github.com/demdxx/gocast/v2/slice.go:119.38,122.67 3 1
github.com/demdxx/gocast/v2/slice.go:122.67,123.60 1 0
github.com/demdxx/gocast/v2/slice.go:123.60,126.5 2 0
github.com/demdxx/gocast/v2/slice.go:127.4,127.67 1 0
github.com/demdxx/gocast/v2/slice.go:127.67,129.5 1 0
github.com/demdxx/gocast/v2/slice.go:130.4,130.12 1 0
github.com/demdxx/gocast/v2/slice.go:131.9,131.31 1 1
github.com/demdxx/gocast/v2/slice.go:131.31,132.75 1 1
github.com/demdxx/gocast/v2/slice.go:132.75,133.68 1 1
github.com/demdxx/gocast/v2/slice.go:133.68,135.6 1 0
github.com/demdxx/gocast/v2/slice.go:136.5,136.13 1 1
github.com/demdxx/gocast/v2/slice.go:139.3,139.94 1 1
github.com/demdxx/gocast/v2/slice.go:139.94,140.16 1 1
github.com/demdxx/gocast/v2/slice.go:140.16,142.5 1 1
github.com/demdxx/gocast/v2/slice.go:142.10,144.5 1 1
github.com/demdxx/gocast/v2/slice.go:145.9,147.4 1 0
github.com/demdxx/gocast/v2/slice.go:150.2,150.12 1 1
github.com/demdxx/gocast/v2/slice.go:154.26,155.18 1 1
github.com/demdxx/gocast/v2/slice.go:160.24,161.14 1 1
github.com/demdxx/gocast/v2/slice.go:162.10,165.56 3 1
github.com/demdxx/gocast/v2/string.go:30.53,31.18 1 1
github.com/demdxx/gocast/v2/string.go:31.18,33.3 1 1
github.com/demdxx/gocast/v2/string.go:34.2,34.18 1 1
github.com/demdxx/gocast/v2/string.go:35.22,36.25 1 1
github.com/demdxx/gocast/v2/string.go:37.36,38.46 1 1
github.com/demdxx/gocast/v2/string.go:38.46,40.4 1 1
github.com/demdxx/gocast/v2/string.go:41.20,42.15 1 1
github.com/demdxx/gocast/v2/string.go:42.15,44.4 1 1
github.com/demdxx/gocast/v2/string.go:45.3,45.22 1 1
github.com/demdxx/gocast/v2/string.go:46.78,47.45 1 1
github.com/demdxx/gocast/v2/string.go:48.100,49.47 1 1
github.com/demdxx/gocast/v2/string.go:50.40,51.58 1 1
github.com/demdxx/gocast/v2/string.go:53.2,53.46 1 0
github.com/demdxx/gocast/v2/string.go:57.41,60.2 2 1
github.com/demdxx/gocast/v2/string.go:63.36,64.25 1 1
github.com/demdxx/gocast/v2/string.go:65.11,66.17 1 1
github.com/demdxx/gocast/v2/string.go:67.14,68.18 1 1
github.com/demdxx/gocast/v2/string.go:69.14,70.26 1 1
github.com/demdxx/gocast/v2/string.go:71.12,72.10 1 1
github.com/demdxx/gocast/v2/string.go:72.10,74.4 1 1
github.com/demdxx/gocast/v2/string.go:75.3,75.22 1 1
github.com/demdxx/gocast/v2/string.go:76.11,77.48 1 1
github.com/demdxx/gocast/v2/string.go:78.12,79.48 1 1
github.com/demdxx/gocast/v2/string.go:80.13,81.48 1 1
github.com/demdxx/gocast/v2/string.go:82.13,83.48 1 1
github.com/demdxx/gocast/v2/string.go:84.13,85.41 1 1
github.com/demdxx/gocast/v2/string.go:86.12,87.50 1 1
github.com/demdxx/gocast/v2/string.go:88.13,89.50 1 1
github.com/demdxx/gocast/v2/string.go:90.14,91.50 1 1
github.com/demdxx/gocast/v2/string.go:92.14,93.50 1 1
github.com/demdxx/gocast/v2/string.go:94.14,95.42 1 1
github.com/demdxx/gocast/v2/string.go:96.15,97.61 1 1
github.com/demdxx/gocast/v2/string.go:98.15,99.52 1 1
github.com/demdxx/gocast/v2/string.go:100.21,101.43 1 0
github.com/demdxx/gocast/v2/string.go:103.2,104.48 2 1
github.com/demdxx/gocast/v2/string.go:108.24,111.2 2 1
github.com/demdxx/gocast/v2/string.go:114.24,115.14 1 1
github.com/demdxx/gocast/v2/string.go:115.14,117.3 1 1
github.com/demdxx/gocast/v2/string.go:118.2,119.11 2 1
github.com/demdxx/gocast/v2/string.go:123.45,124.17 1 1
github.com/demdxx/gocast/v2/string.go:124.17,126.3 1 1
github.com/demdxx/gocast/v2/string.go:127.2,127.22 1 1
github.com/demdxx/gocast/v2/string.go:127.22,128.39 1 1
github.com/demdxx/gocast/v2/string.go:128.39,130.4 1 1
github.com/demdxx/gocast/v2/string.go:132.2,132.13 1 1
github.com/demdxx/gocast/v2/struct.go:30.62,32.2 1 1
github.com/demdxx/gocast/v2/struct.go:35.90,36.30 1 1
github.com/demdxx/gocast/v2/struct.go:36.30,37.17 1 1
github.com/demdxx/gocast/v2/struct.go:37.17,39.4 1 1
github.com/demdxx/gocast/v2/struct.go:40.3,40.87 1 1
github.com/demdxx/gocast/v2/struct.go:43.2,43.39 1 1
github.com/demdxx/gocast/v2/struct.go:43.39,44.37 1 1
github.com/demdxx/gocast/v2/struct.go:44.37,46.4 1 1
github.com/demdxx/gocast/v2/struct.go:50.2,50.20 1 1
github.com/demdxx/gocast/v2/struct.go:51.29,52.54 1 1
github.com/demdxx/gocast/v2/struct.go:55.2,65.69 2 1
github.com/demdxx/gocast/v2/struct.go:65.69,67.3 1 1
github.com/demdxx/gocast/v2/struct.go:70.2,70.36 1 1
github.com/demdxx/gocast/v2/struct.go:70.36,72.22 2 1
github.com/demdxx/gocast/v2/struct.go:72.22,73.12 1 1
github.com/demdxx/gocast/v2/struct.go:77.3,77.54 1 1
github.com/demdxx/gocast/v2/struct.go:77.54,78.12 1 0
github.com/demdxx/gocast/v2/struct.go:82.3,82.35 1 1
github.com/demdxx/gocast/v2/struct.go:82.35,84.4 1 1
github.com/demdxx/gocast/v2/struct.go:84.9,86.4 1 1
github.com/demdxx/gocast/v2/struct.go:89.3,89.15 1 1
github.com/demdxx/gocast/v2/struct.go:89.15,91.4 1 1
github.com/demdxx/gocast/v2/struct.go:91.9,92.24 1 1
github.com/demdxx/gocast/v2/struct.go:93.24,94.74 1 1
github.com/demdxx/gocast/v2/struct.go:95.12,100.67 2 1
github.com/demdxx/gocast/v2/struct.go:100.67,103.6 2 0
github.com/demdxx/gocast/v2/struct.go:103.11,103.31 1 1
github.com/demdxx/gocast/v2/struct.go:103.31,104.75 1 1
github.com/demdxx/gocast/v2/struct.go:104.75,107.7 2 1
github.com/demdxx/gocast/v2/struct.go:109.5,109.12 1 1
github.com/demdxx/gocast/v2/struct.go:109.12,110.78 1 1
github.com/demdxx/gocast/v2/struct.go:110.78,112.66 2 1
github.com/demdxx/gocast/v2/struct.go:112.66,114.7 1 0
github.com/demdxx/gocast/v2/struct.go:115.6,115.49 1 1
github.com/demdxx/gocast/v2/struct.go:121.3,121.17 1 1
github.com/demdxx/gocast/v2/struct.go:121.17,123.9 2 0
github.com/demdxx/gocast/v2/struct.go:127.2,127.12 1 1
github.com/demdxx/gocast/v2/struct.go:131.56,133.2 1 1
github.com/demdxx/gocast/v2/struct.go:136.84,140.2 3 1
github.com/demdxx/gocast/v2/struct.go:143.52,146.2 2 1
github.com/demdxx/gocast/v2/struct.go:149.67,150.32 1 1
github.com/demdxx/gocast/v2/struct.go:150.32,152.3 1 0
github.com/demdxx/gocast/v2/struct.go:153.2,154.36 2 1
github.com/demdxx/gocast/v2/struct.go:154.36,156.63 2 1
github.com/demdxx/gocast/v2/struct.go:156.63,158.4 1 1
github.com/demdxx/gocast/v2/struct.go:158.9,160.35 2 1
github.com/demdxx/gocast/v2/struct.go:160.35,162.5 1 1
github.com/demdxx/gocast/v2/struct.go:165.2,165.15 1 1
github.com/demdxx/gocast/v2/struct.go:169.70,171.2 1 1
github.com/demdxx/gocast/v2/struct.go:174.98,176.2 1 1
github.com/demdxx/gocast/v2/struct.go:179.85,181.2 1 0
github.com/demdxx/gocast/v2/struct.go:184.113,185.32 1 1
github.com/demdxx/gocast/v2/struct.go:185.32,187.3 1 1
github.com/demdxx/gocast/v2/struct.go:188.2,189.36 2 1
github.com/demdxx/gocast/v2/struct.go:189.36,191.67 2 1
github.com/demdxx/gocast/v2/struct.go:191.67,193.4 1 1
github.com/demdxx/gocast/v2/struct.go:195.2,195.15 1 1
github.com/demdxx/gocast/v2/struct.go:199.60,203.25 3 1
github.com/demdxx/gocast/v2/struct.go:203.25,205.3 1 1
github.com/demdxx/gocast/v2/struct.go:206.2,206.15 1 1
github.com/demdxx/gocast/v2/struct.go:210.71,212.2 1 1
github.com/demdxx/gocast/v2/struct.go:215.86,216.32 1 1
github.com/demdxx/gocast/v2/struct.go:216.32,218.3 1 0
github.com/demdxx/gocast/v2/struct.go:220.2,225.36 2 1
github.com/demdxx/gocast/v2/struct.go:225.36,227.53 2 1
github.com/demdxx/gocast/v2/struct.go:227.53,231.4 3 1
github.com/demdxx/gocast/v2/struct.go:231.9,233.34 2 1
github.com/demdxx/gocast/v2/struct.go:233.34,236.5 2 1
github.com/demdxx/gocast/v2/struct.go:239.2,239.19 1 1
github.com/demdxx/gocast/v2/struct.go:243.64,244.32 1 1
github.com/demdxx/gocast/v2/struct.go:244.32,246.3 1 0
github.com/demdxx/gocast/v2/struct.go:247.2,248.36 2 1
github.com/demdxx/gocast/v2/struct.go:248.36,250.63 2 1
github.com/demdxx/gocast/v2/struct.go:250.63,252.4 1 1
github.com/demdxx/gocast/v2/struct.go:252.9,254.4 1 1
github.com/demdxx/gocast/v2/struct.go:256.2,256.15 1 1
github.com/demdxx/gocast/v2/struct.go:260.61,263.2 2 1
github.com/demdxx/gocast/v2/struct.go:266.78,269.29 3 1
github.com/demdxx/gocast/v2/struct.go:269.29,270.48 1 1
github.com/demdxx/gocast/v2/struct.go:270.48,272.4 1 1
github.com/demdxx/gocast/v2/struct.go:274.2,274.79 1 1
github.com/demdxx/gocast/v2/struct.go:278.91,281.38 3 1
github.com/demdxx/gocast/v2/struct.go:281.38,283.22 2 1
github.com/demdxx/gocast/v2/struct.go:283.22,285.4 1 0
github.com/demdxx/gocast/v2/struct.go:286.3,287.13 2 1
github.com/demdxx/gocast/v2/struct.go:289.2,289.53 1 1
github.com/demdxx/gocast/v2/struct.go:293.27,295.2 1 1
github.com/demdxx/gocast/v2/struct.go:303.85,304.34 1 1
github.com/demdxx/gocast/v2/struct.go:305.29,306.40 1 1
github.com/demdxx/gocast/v2/struct.go:307.10,308.65 1 1
github.com/demdxx/gocast/v2/struct.go:308.65,310.4 1 0
github.com/demdxx/gocast/v2/struct.go:310.9,310.29 1 1
github.com/demdxx/gocast/v2/struct.go:310.29,311.73 1 1
github.com/demdxx/gocast/v2/struct.go:311.73,313.5 1 1
github.com/demdxx/gocast/v2/struct.go:313.10,313.107 1 1
github.com/demdxx/gocast/v2/struct.go:313.107,315.5 1 1
github.com/demdxx/gocast/v2/struct.go:315.10,317.5 1 0
github.com/demdxx/gocast/v2/struct.go:318.9,318.106 1 0
github.com/demdxx/gocast/v2/struct.go:318.106,320.4 1 0
github.com/demdxx/gocast/v2/struct.go:320.9,322.4 1 0
github.com/demdxx/gocast/v2/struct.go:324.2,324.12 1 1
github.com/demdxx/gocast/v2/struct.go:327.115,328.34 1 1
github.com/demdxx/gocast/v2/struct.go:329.29,330.40 1 1
github.com/demdxx/gocast/v2/struct.go:331.10,333.69 2 1
github.com/demdxx/gocast/v2/struct.go:333.69,335.4 1 1
github.com/demdxx/gocast/v2/struct.go:335.9,335.46 1 1
github.com/demdxx/gocast/v2/struct.go:335.46,336.84 1 1
github.com/demdxx/gocast/v2/struct.go:336.84,338.64 2 1
github.com/demdxx/gocast/v2/struct.go:338.64,340.5 1 0
github.com/demdxx/gocast/v2/struct.go:341.4,341.18 1 1
github.com/demdxx/gocast/v2/struct.go:342.10,344.5 1 0
github.com/demdxx/gocast/v2/struct.go:345.9,347.4 1 0
github.com/demdxx/gocast/v2/struct.go:349.2,349.12 1 1
github.com/demdxx/gocast/v2/struct.go:352.88,353.34 1 1
github.com/demdxx/gocast/v2/struct.go:354.29,355.52 1 0
github.com/demdxx/gocast/v2/struct.go:356.10,357.65 1 1
github.com/demdxx/gocast/v2/struct.go:357.65,359.4 1 0
github.com/demdxx/gocast/v2/struct.go:359.9,359.29 1 1
github.com/demdxx/gocast/v2/struct.go:359.29,360.73 1 1
github.com/demdxx/gocast/v2/struct.go:360.73,362.5 1 0
github.com/demdxx/gocast/v2/struct.go:362.10,362.80 1 1
github.com/demdxx/gocast/v2/struct.go:362.80,364.5 1 1
github.com/demdxx/gocast/v2/struct.go:364.10,366.5 1 0
github.com/demdxx/gocast/v2/struct.go:367.9,367.79 1 0
github.com/demdxx/gocast/v2/struct.go:367.79,369.4 1 0
github.com/demdxx/gocast/v2/struct.go:369.9,371.4 1 0
github.com/demdxx/gocast/v2/struct.go:373.2,373.12 1 1
github.com/demdxx/gocast/v2/struct.go:376.68,377.27 1 1
github.com/demdxx/gocast/v2/struct.go:378.11,380.38 2 0
github.com/demdxx/gocast/v2/struct.go:381.17,383.28 2 1
github.com/demdxx/gocast/v2/struct.go:384.18,386.29 2 0
github.com/demdxx/gocast/v2/struct.go:387.14,389.41 2 1
github.com/demdxx/gocast/v2/struct.go:389.41,392.4 2 1
github.com/demdxx/gocast/v2/struct.go:393.13,395.42 2 1
github.com/demdxx/gocast/v2/struct.go:396.14,398.49 2 0
github.com/demdxx/gocast/v2/struct.go:399.10,400.54 1 0
github.com/demdxx/gocast/v2/struct.go:402.2,402.12 1 1
github.com/demdxx/gocast/v2/struct.go:405.65,406.19 1 1
github.com/demdxx/gocast/v2/struct.go:406.19,408.19 2 1
github.com/demdxx/gocast/v2/struct.go:409.16,410.27 1 0
github.com/demdxx/gocast/v2/struct.go:411.11,411.11 0 1
github.com/demdxx/gocast/v2/struct.go:413.3,413.36 1 1
github.com/demdxx/gocast/v2/struct.go:415.2,415.33 1 1
github.com/demdxx/gocast/v2/struct.go:418.93,419.20 1 1
github.com/demdxx/gocast/v2/struct.go:419.20,421.3 1 1
github.com/demdxx/gocast/v2/struct.go:422.2,422.30 1 1
github.com/demdxx/gocast/v2/struct.go:425.81,428.58 3 1
github.com/demdxx/gocast/v2/struct.go:428.58,430.3 1 1
github.com/demdxx/gocast/v2/struct.go:431.2,431.16 1 1
github.com/demdxx/gocast/v2/struct.go:431.16,433.3 1 0
github.com/demdxx/gocast/v2/struct.go:434.2,434.24 1 1
github.com/demdxx/gocast/v2/struct.go:437.62,439.2 1 1
github.com/demdxx/gocast/v2/struct.go:441.57,442.16 1 1
github.com/demdxx/gocast/v2/struct.go:442.16,444.3 1 1
github.com/demdxx/gocast/v2/struct.go:445.2,449.15 2 1
github.com/demdxx/gocast/v2/struct.go:449.15,451.3 1 1
github.com/demdxx/gocast/v2/struct.go:451.8,453.3 1 1
github.com/demdxx/gocast/v2/struct.go:454.2,454.25 1 1
github.com/demdxx/gocast/v2/struct.go:454.25,456.19 2 1
github.com/demdxx/gocast/v2/struct.go:456.19,457.9 1 1
github.com/demdxx/gocast/v2/struct.go:460.2,460.18 1 1
github.com/demdxx/gocast/v2/struct.go:460.18,461.20 1 1
github.com/demdxx/gocast/v2/struct.go:461.20,463.4 1 0
github.com/demdxx/gocast/v2/struct.go:464.3,464.16 1 1
github.com/demdxx/gocast/v2/struct.go:466.2,466.15 1 0
github.com/demdxx/gocast/v2/struct.go:469.71,471.20 2 1
github.com/demdxx/gocast/v2/struct.go:471.20,473.3 1 0
github.com/demdxx/gocast/v2/struct.go:474.2,475.27 2 1
github.com/demdxx/gocast/v2/struct.go:475.27,476.30 1 1
github.com/demdxx/gocast/v2/struct.go:476.30,477.12 1 0
github.com/demdxx/gocast/v2/struct.go:479.3,479.118 1 1
github.com/demdxx/gocast/v2/struct.go:479.118,482.4 2 1
github.com/demdxx/gocast/v2/struct.go:484.2,484.14 1 1
github.com/demdxx/gocast/v2/struct_walker.go:25.56,25.77 1 0
github.com/demdxx/gocast/v2/struct_walker.go:26.56,26.76 1 1
github.com/demdxx/gocast/v2/struct_walker.go:27.56,27.88 1 0
github.com/demdxx/gocast/v2/struct_walker.go:45.42,47.2 1 1
github.com/demdxx/gocast/v2/struct_walker.go:49.52,51.2 1 1
github.com/demdxx/gocast/v2/struct_walker.go:53.43,55.2 1 1
github.com/demdxx/gocast/v2/struct_walker.go:57.53,59.2 1 1
github.com/demdxx/gocast/v2/struct_walker.go:61.40,63.2 1 1
github.com/demdxx/gocast/v2/struct_walker.go:65.71,66.27 1 1
github.com/demdxx/gocast/v2/struct_walker.go:66.27,68.3 1 0
github.com/demdxx/gocast/v2/struct_walker.go:69.2,69.61 1 1
github.com/demdxx/gocast/v2/struct_walker.go:73.99,75.40 2 1
github.com/demdxx/gocast/v2/struct_walker.go:75.40,77.3 1 1
github.com/demdxx/gocast/v2/struct_walker.go:78.2,79.28 2 1
github.com/demdxx/gocast/v2/struct_walker.go:79.28,81.3 1 1
github.com/demdxx/gocast/v2/struct_walker.go:82.2,83.54 2 1
github.com/demdxx/gocast/v2/struct_walker.go:86.130,92.44 2 1
github.com/demdxx/gocast/v2/struct_walker.go:92.44,95.30 3 1
github.com/demdxx/gocast/v2/struct_walker.go:95.30,96.12 1 1
github.com/demdxx/gocast/v2/struct_walker.go:98.3,103.60 2 1
github.com/demdxx/gocast/v2/struct_walker.go:103.60,104.69 1 1
github.com/demdxx/gocast/v2/struct_walker.go:104.69,108.5 3 1
github.com/demdxx/gocast/v2/struct_walker.go:110.3,110.49 1 1
github.com/demdxx/gocast/v2/struct_walker.go:110.49,112.4 1 0
github.com/demdxx/gocast/v2/struct_walker.go:114.2,114.12 1 1
github.com/demdxx/gocast/v2/struct_walker_access.go:17.129,18.40 1 1
github.com/demdxx/gocast/v2/struct_walker_access.go:18.40,20.3 1 0
github.com/demdxx/gocast/v2/struct_walker_access.go:21.2,21.33 1 1
github.com/demdxx/gocast/v2/struct_walker_access.go:21.33,23.3 1 1
github.com/demdxx/gocast/v2/struct_walker_access.go:24.2,24.21 1 0
github.com/demdxx/gocast/v2/struct_walker_access.go:31.64,32.36 1 1
github.com/demdxx/gocast/v2/struct_walker_access.go:32.36,34.3 1 1
github.com/demdxx/gocast/v2/struct_walker_access.go:38.49,39.36 1 1
github.com/demdxx/gocast/v2/struct_walker_access.go:39.36,41.3 1 1
github.com/demdxx/gocast/v2/time.go:43.69,44.21 1 1
github.com/demdxx/gocast/v2/time.go:44.21,46.3 1 1
github.com/demdxx/gocast/v2/time.go:47.2,47.26 1 1
github.com/demdxx/gocast/v2/time.go:47.26,48.45 1 1
github.com/demdxx/gocast/v2/time.go:48.45,49.9 1 1
github.com/demdxx/gocast/v2/time.go:52.2,52.15 1 1
github.com/demdxx/gocast/v2/utils.go:9.31,10.29 1 1
github.com/demdxx/gocast/v2/utils.go:11.11,12.14 1 1
github.com/demdxx/gocast/v2/utils.go:13.12,14.13 1 1
github.com/demdxx/gocast/v2/utils.go:15.11,16.17 1 1
github.com/demdxx/gocast/v2/utils.go:17.12,18.17 1 1
github.com/demdxx/gocast/v2/utils.go:19.13,20.17 1 1
github.com/demdxx/gocast/v2/utils.go:21.13,22.17 1 1
github.com/demdxx/gocast/v2/utils.go:23.13,24.17 1 1
github.com/demdxx/gocast/v2/utils.go:25.12,26.17 1 1
github.com/demdxx/gocast/v2/utils.go:27.13,28.17 1 1
github.com/demdxx/gocast/v2/utils.go:29.14,30.17 1 1
github.com/demdxx/gocast/v2/utils.go:31.14,32.17 1 1
github.com/demdxx/gocast/v2/utils.go:33.14,34.17 1 1
github.com/demdxx/gocast/v2/utils.go:35.15,36.17 1 1
github.com/demdxx/gocast/v2/utils.go:37.15,38.17 1 1
github.com/demdxx/gocast/v2/utils.go:39.14,40.18 1 1
github.com/demdxx/gocast/v2/utils.go:41.13,42.22 1 1
github.com/demdxx/gocast/v2/utils.go:43.14,44.22 1 1
github.com/demdxx/gocast/v2/utils.go:45.15,46.22 1 1
github.com/demdxx/gocast/v2/utils.go:47.15,48.22 1 1
github.com/demdxx/gocast/v2/utils.go:49.15,50.22 1 1
github.com/demdxx/gocast/v2/utils.go:51.14,52.22 1 1
github.com/demdxx/gocast/v2/utils.go:53.15,54.22 1 1
github.com/demdxx/gocast/v2/utils.go:55.16,56.22 1 1
github.com/demdxx/gocast/v2/utils.go:57.16,58.22 1 1
github.com/demdxx/gocast/v2/utils.go:59.16,60.22 1 1
github.com/demdxx/gocast/v2/utils.go:61.17,62.22 1 1
github.com/demdxx/gocast/v2/utils.go:63.17,64.22 1 1
github.com/demdxx/gocast/v2/utils.go:65.13,66.22 1 1
github.com/demdxx/gocast/v2/utils.go:67.14,68.22 1 1
github.com/demdxx/gocast/v2/utils.go:69.16,70.22 1 1
github.com/demdxx/gocast/v2/utils.go:72.2,72.48 1 1
github.com/demdxx/gocast/v2/utils.go:76.48,77.18 1 1
github.com/demdxx/gocast/v2/utils.go:77.18,79.3 1 1
github.com/demdxx/gocast/v2/utils.go:80.2,80.18 1 1
github.com/demdxx/gocast/v2/utils.go:81.38,82.16 1 1
github.com/demdxx/gocast/v2/utils.go:82.16,84.4 1 1
github.com/demdxx/gocast/v2/utils.go:85.3,85.39 1 0
github.com/demdxx/gocast/v2/utils.go:86.20,87.19 1 1
github.com/demdxx/gocast/v2/utils.go:88.65,89.22 1 1
github.com/demdxx/gocast/v2/utils.go:90.78,91.22 1 1
github.com/demdxx/gocast/v2/utils.go:92.83,93.23 1 1
github.com/demdxx/gocast/v2/utils.go:94.40,95.24 1 1
github.com/demdxx/gocast/v2/utils.go:97.2,97.14 1 1
github.com/demdxx/gocast/v2/utils.go:100.26,101.14 1 1
github.com/demdxx/gocast/v2/utils.go:101.14,103.3 1 0
github.com/demdxx/gocast/v2/utils.go:104.2,104.37 1 1
github.com/demdxx/gocast/v2/utils.go:104.37,106.3 1 0
github.com/demdxx/gocast/v2/utils.go:107.2,107.10 1 1
github.com/demdxx/gocast/v2/utils.go:110.51,111.18 1 1
github.com/demdxx/gocast/v2/utils.go:111.18,113.3 1 1
github.com/demdxx/gocast/v2/utils.go:114.2,114.74 1 1
github.com/demdxx/gocast/v2/utils.go:114.74,115.16 1 1
github.com/demdxx/gocast/v2/utils.go:115.16,116.9 1 1
github.com/demdxx/gocast/v2/utils.go:118.3,118.33 1 1
github.com/demdxx/gocast/v2/utils.go:118.33,119.9 1 0
github.com/demdxx/gocast/v2/utils.go:121.3,121.18 1 1
github.com/demdxx/gocast/v2/utils.go:123.2,123.10 1 1
github.com/demdxx/gocast/v2/utils.go:127.24,128.14 1 1
github.com/demdxx/gocast/v2/utils.go:128.14,130.3 1 1
github.com/demdxx/gocast/v2/utils.go:131.2,132.68 2 1
github.com/demdxx/gocast/v2/utils.go:132.68,134.3 1 1
github.com/demdxx/gocast/v2/utils.go:135.2,135.14 1 1
